<?xml version="1.0" encoding="UTF-8"?>
<testng-results ignored="0" total="1" passed="1" failed="0" skipped="0">
  <reporter-output>
  </reporter-output>
  <suite started-at="2023-08-28T16:21:14 IST" name="HoversTestSuite" finished-at="2023-08-28T16:21:50 IST" duration-ms="36541">
    <groups>
    </groups>
    <test started-at="2023-08-28T16:21:14 IST" name="HoversTests" finished-at="2023-08-28T16:21:50 IST" duration-ms="36541">
      <class name="com.herokuapp.theinternet.hoverstests.HoversTests">
        <test-method is-config="true" signature="setUp(java.lang.String,org.testng.ITestContext)[pri:0, instance:com.herokuapp.theinternet.hoverstests.HoversTests@3349e9bb]" started-at="2023-08-28T16:21:14 IST" name="setUp" finished-at="2023-08-28T16:21:45 IST" duration-ms="31037" status="PASS">
          <params>
            <param index="0">
              <value>
                <![CDATA[chrome]]>
              </value>
            </param>
            <param index="1">
              <value>
                <![CDATA[org.testng.TestRunner@a9f023e]]>
              </value>
            </param>
          </params>
          <reporter-output>
          </reporter-output>
        </test-method> <!-- setUp -->
        <test-method signature="user2ProfileTest()[pri:0, instance:com.herokuapp.theinternet.hoverstests.HoversTests@3349e9bb]" started-at="2023-08-28T16:21:45 IST" name="user2ProfileTest" finished-at="2023-08-28T16:21:50 IST" duration-ms="4952" status="PASS">
          <reporter-output>
          </reporter-output>
        </test-method> <!-- user2ProfileTest -->
        <test-method is-config="true" signature="tearDown()[pri:0, instance:com.herokuapp.theinternet.hoverstests.HoversTests@3349e9bb]" started-at="2023-08-28T16:21:50 IST" name="tearDown" finished-at="2023-08-28T16:21:50 IST" duration-ms="464" status="PASS">
          <reporter-output>
          </reporter-output>
        </test-method> <!-- tearDown -->
      </class> <!-- com.herokuapp.theinternet.hoverstests.HoversTests -->
    </test> <!-- HoversTests -->
  </suite> <!-- HoversTestSuite -->
</testng-results>
